Log created: 2017-06-16T15:14:39.832520000Z
Executable: /usr/lib/virtualbox/VirtualBox
Arg[0]: /usr/lib/virtualbox/VirtualBox
Arg[1]: --startvm
Arg[2]: AQUA OS
Arg[3]: --debug-command-line
fatal error in recompiler cpu: Trying to execute code with memory type addr_code=00000000c0100020 addend=00007f78a463c000 at 00000000c0100038. (iHandlerMemType=0x38 iMMIOMemType=0x30)

!!!!!!!!!!!!!!!!!!!!!!!!!!!!!!!!!!!!!!!!!!!!!!!!!!!!!!!!!!!!!!!!!!!!!!
!!
!!                 Guru Meditation -2301 (VERR_REM_VIRTUAL_CPU_ERROR)
!!
!!
!! {mappings, <NULL>}
!!

The mappings are DISABLED.
00000000ff400000 - 00000000ffbfffff  Hypervisor Memory Area
!!
!! {hma, <NULL>}
!!
Hypervisor Memory Area (HMA) Layout: Base 00000000ff400000, 0x00800000 bytes
00000000ff811000-00000000ff812000                                   DYNAMIC                  fence
00000000ff801000-00000000ff811000                                   DYNAMIC                  Dynamic mapping
00000000ff800000-00000000ff801000                                   DYNAMIC                  fence
00000000ff7e0000-00000000ff800000 00007f793f79e000 00007f793f79e000 LOCKED                   alloc once (PDM_DEVICE_USER)
00000000ff760000-00000000ff7e0000                                   MMIO2   0000000000000000 VGA VRam
00000000ff75f000-00000000ff760000                                   DYNAMIC                  fence
00000000ff74b000-00000000ff75f000 00007f7974006000 00007f7974006000 LOCKED                   alloc once (PDM_DEVICE)
00000000ff74a000-00000000ff74b000                                   DYNAMIC                  fence
00000000ff749000-00000000ff74a000 00007f7986555000 ffffc900109d8000 HCPHYS  0000000075346000 Core Code
00000000ff748000-00000000ff749000                                   DYNAMIC                  fence
00000000ff747000-00000000ff748000 00007f799d158000 0000000000000000 HCPHYS  00000000cb7f0000 GIP
00000000ff746000-00000000ff747000                                   DYNAMIC                  fence
00000000ff545000-00000000ff746000 00007f79655fc000 00007f79655fc000 LOCKED                   alloc once (PGM_PHYS)
00000000ff544000-00000000ff545000                                   DYNAMIC                  fence
00000000ff529000-00000000ff544000 00007f7966abe000 00007f7966abe000 LOCKED                   alloc once (PGM_POOL)
00000000ff528000-00000000ff529000                                   DYNAMIC                  fence
00000000ff523000-00000000ff528000                                   DYNAMIC                  CR3 mapping
00000000ff522000-00000000ff523000                                   DYNAMIC                  fence
00000000ff422000-00000000ff522000 00007f7966b79000 00007f7966b79000 LOCKED                   Heap
00000000ff421000-00000000ff422000                                   DYNAMIC                  fence
00000000ff401000-00000000ff421000 00007f7967721000 ffffc90014662000 LOCKED                   VM
00000000ff400000-00000000ff401000                                   DYNAMIC                  fence
!!
!! {cpumguest, verbose}
!!
Guest CPUM (VCPU 0) state: 
eax=2badb002 ebx=00010000 ecx=c0100038 edx=00000000 esi=00000000 edi=00000000
eip=c0100038 esp=0007ff00 ebp=00000000 iopl=0         nv up di pl zr na pe nc
cs={0010 base=0000000000000000 limit=ffffffff flags=0000c09b} dr0=00000000 dr1=00000000
ds={0018 base=0000000000000000 limit=ffffffff flags=0000c093} dr2=00000000 dr3=00000000
es={0018 base=0000000000000000 limit=ffffffff flags=0000c093} dr4=00000000 dr5=00000000
fs={0018 base=0000000000000000 limit=ffffffff flags=0000c093} dr6=ffff0ff0 dr7=00000400
gs={0018 base=0000000000000000 limit=ffffffff flags=0000c093} cr0=00000011 cr2=00000000
ss={0018 base=0000000000000000 limit=ffffffff flags=0000c093} cr3=00000000 cr4=00000000
gdtr=000000000011b5e0:0020  idtr=0000000000000000:0000  eflags=00200002
ldtr={0000 base=00000000 limit=0000ffff flags=00000082}
tr  ={0000 base=00000000 limit=0000ffff flags=0000008b}
SysEnter={cs=0000 eip=00000000 esp=00000000}
FCW=037f FSW=0000 FTW=0000 FOP=0000 MXCSR=00001f80 MXCSR_MASK=0000ffff
FPUIP=00000000 CS=0000 Rsrvd1=0000  FPUDP=00000000 DS=0000 Rsvrd2=0000
ST(0)=FPR0={0000'00000000'00000000} t0 +0.0000000000000000000000 ^ 0
ST(1)=FPR1={0000'00000000'00000000} t0 +0.0000000000000000000000 ^ 0
ST(2)=FPR2={0000'00000000'00000000} t0 +0.0000000000000000000000 ^ 0
ST(3)=FPR3={0000'00000000'00000000} t0 +0.0000000000000000000000 ^ 0
ST(4)=FPR4={0000'00000000'00000000} t0 +0.0000000000000000000000 ^ 0
ST(5)=FPR5={0000'00000000'00000000} t0 +0.0000000000000000000000 ^ 0
ST(6)=FPR6={0000'00000000'00000000} t0 +0.0000000000000000000000 ^ 0
ST(7)=FPR7={0000'00000000'00000000} t0 +0.0000000000000000000000 ^ 0
XMM0 =00000000'00000000'00000000'00000000  XMM1 =00000000'00000000'00000000'00000000
XMM2 =00000000'00000000'00000000'00000000  XMM3 =00000000'00000000'00000000'00000000
XMM4 =00000000'00000000'00000000'00000000  XMM5 =00000000'00000000'00000000'00000000
XMM6 =00000000'00000000'00000000'00000000  XMM7 =00000000'00000000'00000000'00000000
XMM8 =00000000'00000000'00000000'00000000  XMM9 =00000000'00000000'00000000'00000000
XMM10=00000000'00000000'00000000'00000000  XMM11=00000000'00000000'00000000'00000000
XMM12=00000000'00000000'00000000'00000000  XMM13=00000000'00000000'00000000'00000000
XMM14=00000000'00000000'00000000'00000000  XMM15=00000000'00000000'00000000'00000000
EFER         =0000000000000000
PAT          =0007040600070406
STAR         =0000000000000000
CSTAR        =0000000000000000
LSTAR        =0000000000000000
SFMASK       =0000000000000000
KERNELGSBASE =0000000000000000
!!
!! {cpumguestinstr, verbose}
!!

CPUM: Disas -> VERR_PGM_INVALID_GC_PHYSICAL_ADDRESS


!!
!! {cpumhyper, verbose}
!!
Hypervisor CPUM state: 
.eax=00000000 .ebx=00000000 .ecx=00000000 .edx=00000000 .esi=00000000 .edi=00000000
.eip=00000000 .esp=ff520000 .ebp=00000000 .iopl=0           nv up di pl zr na pe nc
.cs={0000 base=0000000000000000 limit=00000000 flags=00000000} .dr0=00000000 .dr1=00000000
.ds={0000 base=0000000000000000 limit=00000000 flags=00000000} .dr2=00000000 .dr3=00000000
.es={0000 base=0000000000000000 limit=00000000 flags=00000000} .dr4=00000000 .dr5=00000000
.fs={0000 base=0000000000000000 limit=00000000 flags=00000000} .dr6=00000000 .dr7=00000400
.gs={0000 base=0000000000000000 limit=00000000 flags=00000000} .cr0=00000000 .cr2=00000000
.ss={0000 base=0000000000000000 limit=00000000 flags=00000000} .cr3=75111000 .cr4=00000000
.gdtr=0000000000000000:0000  .idtr=0000000000000000:0000  .eflags=00000000
.ldtr={0000 base=00000000 limit=00000000 flags=00000000}
.tr  ={0000 base=00000000 limit=00000000 flags=00000000}
.SysEnter={cs=0000 eip=00000000 esp=00000000}
.FCW=0000 .FSW=0000 .FTW=0000 .FOP=0000 .MXCSR=00000000 .MXCSR_MASK=00000000
.FPUIP=00000000 .CS=0000 .Rsrvd1=0000  .FPUDP=00000000 .DS=0000 .Rsvrd2=0000
.ST(0)=.FPR0={0000'00000000'00000000} t0 +0.0000000000000000000000 ^ 0
.ST(1)=.FPR1={0000'00000000'00000000} t0 +0.0000000000000000000000 ^ 0
.ST(2)=.FPR2={0000'00000000'00000000} t0 +0.0000000000000000000000 ^ 0
.ST(3)=.FPR3={0000'00000000'00000000} t0 +0.0000000000000000000000 ^ 0
.ST(4)=.FPR4={0000'00000000'00000000} t0 +0.0000000000000000000000 ^ 0
.ST(5)=.FPR5={0000'00000000'00000000} t0 +0.0000000000000000000000 ^ 0
.ST(6)=.FPR6={0000'00000000'00000000} t0 +0.0000000000000000000000 ^ 0
.ST(7)=.FPR7={0000'00000000'00000000} t0 +0.0000000000000000000000 ^ 0
.XMM0 =00000000'00000000'00000000'00000000  .XMM1 =00000000'00000000'00000000'00000000
.XMM2 =00000000'00000000'00000000'00000000  .XMM3 =00000000'00000000'00000000'00000000
.XMM4 =00000000'00000000'00000000'00000000  .XMM5 =00000000'00000000'00000000'00000000
.XMM6 =00000000'00000000'00000000'00000000  .XMM7 =00000000'00000000'00000000'00000000
.XMM8 =00000000'00000000'00000000'00000000  .XMM9 =00000000'00000000'00000000'00000000
.XMM10=00000000'00000000'00000000'00000000  .XMM11=00000000'00000000'00000000'00000000
.XMM12=00000000'00000000'00000000'00000000  .XMM13=00000000'00000000'00000000'00000000
.XMM14=00000000'00000000'00000000'00000000  .XMM15=00000000'00000000'00000000'00000000
.EFER         =0000000000000000
.PAT          =0000000000000000
.STAR         =0000000000000000
.CSTAR        =0000000000000000
.LSTAR        =0000000000000000
.SFMASK       =0000000000000000
.KERNELGSBASE =0000000000000000
CR4OrMask=0x204 CR4AndMask=0x403
!!
!! {cpumhost, verbose}
!!
Host CPUM state: 
rax=xxxxxxxxxxxxxxxx rbx=0000000000000000 rcx=xxxxxxxxxxxxxxxx
rdx=xxxxxxxxxxxxxxxx rsi=0000000000000000 rdi=0000000000000000
rip=xxxxxxxxxxxxxxxx rsp=0000000000000000 rbp=0000000000000000
 r8=xxxxxxxxxxxxxxxx  r9=xxxxxxxxxxxxxxxx r10=0000000000000000
r11=0000000000000000 r12=0000000000000000 r13=0000000000000000
r14=0000000000000000 r15=0000000000000000
iopl=0          nv up di pl zr na pe nc
cs=0000  ds=0000  es=0000  fs=0000  gs=0000                   eflags=00000000
cr0=0000000000000000 cr2=xxxxxxxxxxxxxxxx cr3=0000000000000000
cr4=0000000000000000 ldtr=0000 tr=0000
dr[0]=0000000000000000 dr[1]=0000000000000000 dr[2]=0000000000000000
dr[3]=0000000000000000 dr[6]=0000000000000000 dr[7]=0000000000000000
gdtr=0000000000000000:0000  idtr=0000000000000000:0000
SysEnter={cs=0000 eip=00000000 esp=00000000}
FSbase=0000000000000000 GSbase=0000000000000000 efer=00000000
!!
!! {mode, all}
!!
Guest paging mode:  Protected (changed 98692 times), A20 enabled (changed 2 times)
Shadow paging mode: Nested
Host paging mode:   AMD64+G+NX
!!
!! {cpuid, verbose}
!!
         RAW Standard CPUIDs
     Function  eax      ebx      ecx      edx
Gst: 00000000  00000005 68747541 444d4163 69746e65
Hst:           00000005 68747541 444d4163 69746e65
Gst: 00000001  00100f63 00000800 00000009 078bfbff
Hst:           00100f63 01020800 00802009 178bfbff
Gst: 00000002  00000000 00000000 00000000 00000000
Hst:           00000000 00000000 00000000 00000000
Gst: 00000003  00000000 00000000 00000000 00000000
Hst:           00000000 00000000 00000000 00000000
Gst: 00000004  00000000 00000000 00000000 00000000
Hst:           00000000 00000000 00000000 00000000
Gst: 00000005  00000040 00000040 00000000 00000000
Hst:           00000040 00000040 00000003 00000000
Hst: 00000006  00000000 00000000 00000000 00000000
Name:                            AuthenticAMD
Supports:                        0-5
Family:                          15  	Extended: 1 	Effective: 16
Model:                           6  	Extended: 0 	Effective: 6
Stepping:                        3
Type:                            0 (primary)
APIC ID:                         0x00
Logical CPUs:                    0
CLFLUSH Size:                    8
Brand ID:                        0x00
Mnemonic - Description                 = guest (host)
FPU - x87 FPU on Chip                  = 1 (1)
VME - Virtual 8086 Mode Enhancements   = 1 (1)
DE - Debugging extensions              = 1 (1)
PSE - Page Size Extension              = 1 (1)
TSC - Time Stamp Counter               = 1 (1)
MSR - Model Specific Registers         = 1 (1)
PAE - Physical Address Extension       = 1 (1)
MCE - Machine Check Exception          = 1 (1)
CX8 - CMPXCHG8B instruction            = 1 (1)
APIC - APIC On-Chip                    = 1 (1)
10 - Reserved                          = 0 (0)
SEP - SYSENTER and SYSEXIT             = 1 (1)
MTRR - Memory Type Range Registers     = 1 (1)
PGE - PTE Global Bit                   = 1 (1)
MCA - Machine Check Architecture       = 1 (1)
CMOV - Conditional Move Instructions   = 1 (1)
PAT - Page Attribute Table             = 1 (1)
PSE-36 - 36-bit Page Size Extention    = 1 (1)
PSN - Processor Serial Number          = 0 (0)
CLFSH - CLFLUSH Instruction.           = 1 (1)
20 - Reserved                          = 0 (0)
DS - Debug Store                       = 0 (0)
ACPI - Thermal Mon. & Soft. Clock Ctrl.= 0 (0)
MMX - Intel MMX Technology             = 1 (1)
FXSR - FXSAVE and FXRSTOR Instructions = 1 (1)
SSE - SSE Support                      = 1 (1)
SSE2 - SSE2 Support                    = 1 (1)
SS - Self Snoop                        = 0 (0)
HTT - Hyper-Threading Technology       = 0 (1)
TM - Thermal Monitor                   = 0 (0)
30 - Reserved                          = 0 (0)
PBE - Pending Break Enable             = 0 (0)
Supports SSE3                          = 1 (1)
PCLMULQDQ                              = 0 (0)
DS Area 64-bit layout                  = 0 (0)
Supports MONITOR/MWAIT                 = 1 (1)
CPL-DS - CPL Qualified Debug Store     = 0 (0)
VMX - Virtual Machine Technology       = 0 (0)
SMX - Safer Mode Extensions            = 0 (0)
Enhanced SpeedStep Technology          = 0 (0)
Terminal Monitor 2                     = 0 (0)
Supplemental SSE3 instructions         = 0 (0)
L1 Context ID                          = 0 (0)
11 - Reserved                          = 0 (0)
FMA extensions using YMM state         = 0 (0)
CMPXCHG16B instruction                 = 0 (1)
xTPR Update Control                    = 0 (0)
Perf/Debug Capability MSR              = 0 (0)
16 - Reserved                          = 0 (0)
PCID - Process-context identifiers     = 0 (0)
DCA - Direct Cache Access              = 0 (0)
SSE4.1 instruction extensions          = 0 (0)
SSE4.2 instruction extensions          = 0 (0)
Supports the x2APIC extensions         = 0 (0)
MOVBE instruction                      = 0 (0)
POPCNT instruction                     = 0 (1)
TSC-Deadline LAPIC timer mode          = 0 (0)
AESNI instruction extensions           = 0 (0)
XSAVE/XRSTOR extended state feature    = 0 (0)
Supports OSXSAVE                       = 0 (0)
AVX instruction extensions             = 0 (0)
16-bit floating point conversion instr = 0 (0)
RDRAND instruction                     = 0 (0)
Hypervisor Present (we're a guest)     = 0 (0)

         RAW Extended CPUIDs
     Function  eax      ebx      ecx      edx
Gst: 80000000  80000008 68747541 444d4163 69746e65
Hst:           8000001b 68747541 444d4163 69746e65
Gst: 80000001  00100f63 40001211 00000011 eb93fb7f
Hst:           00100f63 40001211 0008377f efd3fbff
Gst: 80000002  20444d41 6c687441 74286e6f 4920296d
Hst:           20444d41 6c687441 74286e6f 4920296d
Gst: 80000003  654e2049 334b206f 44203532 2d6c6175
Hst:           654e2049 334b206f 44203532 2d6c6175
Gst: 80000004  65726f43 6f725020 73736563 0000726f
Hst:           65726f43 6f725020 73736563 0000726f
Gst: 80000005  ff30ff10 ff30ff20 40020140 40020140
Hst:           ff30ff10 ff30ff20 40020140 40020140
Gst: 80000006  20800000 42004200 04008140 00000000
Hst:           20800000 42004200 04008140 00000000
Gst: 80000007  00000000 00000000 00000000 00000000
Hst:           00000000 00000000 00000000 000001f9
Gst: 80000008  00003030 00000000 00000000 00000000
Hst:           00003030 00000000 00002001 00000000
Gst: 80000009  00000000 00000000 00000000 00000000*
Hst:           00000000 00000000 00000000 00000000
Ext Name:                        AuthenticAMD
Ext Supports:                    0x80000000-0x80000008
Family:                          15  	Extended: 1 	Effective: 16
Model:                           6  	Extended: 0 	Effective: 6
Stepping:                        3
Brand ID:                        0x211
Mnemonic - Description                 = guest (host)
FPU - x87 FPU on Chip                  = 1 (1)
VME - Virtual 8086 Mode Enhancements   = 1 (1)
DE - Debugging extensions              = 1 (1)
PSE - Page Size Extension              = 1 (1)
TSC - Time Stamp Counter               = 1 (1)
MSR - K86 Model Specific Registers     = 1 (1)
PAE - Physical Address Extension       = 1 (1)
MCE - Machine Check Exception          = 0 (1)
CX8 - CMPXCHG8B instruction            = 1 (1)
APIC - APIC On-Chip                    = 1 (1)
10 - Reserved                          = 0 (0)
SEP - SYSCALL and SYSRET               = 1 (1)
MTRR - Memory Type Range Registers     = 1 (1)
PGE - PTE Global Bit                   = 1 (1)
MCA - Machine Check Architecture       = 1 (1)
CMOV - Conditional Move Instructions   = 1 (1)
PAT - Page Attribute Table             = 1 (1)
PSE-36 - 36-bit Page Size Extention    = 1 (1)
18 - Reserved                          = 0 (0)
19 - Reserved                          = 0 (0)
NX - No-Execute Page Protection        = 1 (1)
DS - Debug Store                       = 0 (0)
AXMMX - AMD Extensions to MMX Instr.   = 0 (1)
MMX - Intel MMX Technology             = 1 (1)
FXSR - FXSAVE and FXRSTOR Instructions = 1 (1)
25 - AMD fast FXSAVE and FXRSTOR Instr.= 1 (1)
26 - 1 GB large page support           = 0 (1)
27 - RDTSCP instruction                = 1 (1)
28 - Reserved                          = 0 (0)
29 - AMD Long Mode                     = 1 (1)
30 - AMD Extensions to 3DNow!          = 1 (1)
31 - AMD 3DNow!                        = 1 (1)
LahfSahf - LAHF/SAHF in 64-bit mode    = 1 (1)
CmpLegacy - Core MP legacy mode (depr) = 0 (1)
SVM - AMD VM Extensions                = 0 (1)
APIC registers starting at 0x400       = 0 (1)
AltMovCR8 - LOCK MOV CR0 means MOV CR8 = 1 (1)
5  - Advanced bit manipulation         = 0 (1)
6  - SSE4A instruction support         = 0 (1)
7  - Misaligned SSE mode               = 0 (0)
8  - PREFETCH and PREFETCHW instruction= 0 (1)
9  - OS visible workaround             = 0 (1)
10 - Instruction based sampling        = 0 (1)
11 - SSE5 support                      = 0 (0)
12 - SKINIT, STGI, and DEV support     = 0 (1)
13 - Watchdog timer support.           = 0 (1)
31:14 - Reserved                       = 0x0 (0x20)
Full Name:                       AMD Athlon(tm) II Neo K325 Dual-Core Processor
TLB 2/4M Instr/Uni:              fully  16 entries
TLB 2/4M Data:                   fully  48 entries
TLB 4K Instr/Uni:                fully  32 entries
TLB 4K Data:                     fully  48 entries
L1 Instr Cache Line Size:        64 bytes
L1 Instr Cache Lines Per Tag:    1
L1 Instr Cache Associativity:    2 way
L1 Instr Cache Size:             64 KB
L1 Data Cache Line Size:         64 bytes
L1 Data Cache Lines Per Tag:     1
L1 Data Cache Associativity:     2 way
L1 Data Cache Size:              64 KB
L2 TLB 2/4M Instr/Uni:           off       0 entries
L2 TLB 2/4M Data:                2 way   128 entries
L2 TLB 4K Instr/Uni:             4 way   512 entries
L2 TLB 4K Data:                  4 way   512 entries
L2 Cache Line Size:              0 bytes
L2 Cache Lines Per Tag:          0
L2 Cache Associativity:          off   
L2 Cache Size:                   0 KB
Host Invariant-TSC support:      true 
APM Features:                   
Physical Address Width:          48 bits
Virtual Address Width:           48 bits
Guest Physical Address Width:    0 bits
Physical Core Count:             0

         RAW Centaur CPUIDs
     Function  eax      ebx      ecx      edx
Gst: c0000000  00000000 00000000 00000000 00000000
Hst:           00000000 00000000 00000000 00000000
Gst: c0000001  00000000 00000000 00000000 00000000*
Hst:           00000000 00000000 00000000 00000000
Gst: c0000002  00000000 00000000 00000000 00000000*
Hst:           00000000 00000000 00000000 00000000
Gst: c0000003  00000000 00000000 00000000 00000000*
Hst:           00000000 00000000 00000000 00000000
Centaur Supports:                0xc0000000-0x00000000
!!
!! {handlers, phys virt hyper stats}
!!
Physical handlers: (PhysHandlers=16544 (0x40a0))
From             - To (incl)         HandlerHC         UserHC            HandlerGC UserGC    Type     Description
00000000000a0000 - 00000000000bffff  00007f79859bece0  00007f7966b94bf0  00000000  ff43dbf0  MMIO     VGA - VGA Video Buffer
00000000000c0000 - 00000000000c8fff  00007f798590e1c0  00007f7966b94dd0  00000000  ff43ddd0  Write    VGA BIOS
00000000000e0000 - 00000000000e0fff  00007f798590e1c0  00007f7966b97c00  00000000  ff440c00  Write    ACPI RSDP
00000000000e1000 - 00000000000e1fff  00007f798590e1c0  00007f7966b810b0  00000000  ff42a0b0  Write    DMI tables
00000000000e2000 - 00000000000effff  00007f798590e1c0  00007f7966b819e0  00000000  ff42a9e0  Write    Net Boot ROM
00000000000f0000 - 00000000000fffff  00007f798590e1c0  00007f7966b811b0  00000000  ff42a1b0  Write    PC BIOS - 0xfffff
00000000e0000000 - 00000000e07fffff  00007f7964b3e600  00007f7974006100  00000000  ff74b100  Write    VGA LFB
00000000fee00000 - 00000000fee00fff  00007f79859bece0  00007f7966b83f10  00000000  ff42cf10  MMIO     APIC Memory
00000000ffff0000 - 00000000ffffffff  00007f798590e1c0  00007f7966b81500  00000000  ff42a500  Write    PC BIOS - 0xffffffff
Virtual handlers:
From             - To (excl)         HandlerHC         HandlerGC Type       Description
Hypervisor Virtual handlers:
From             - To (excl)         HandlerHC         HandlerGC Type       Description
!!
!! {timers, <NULL>}
!!
Timers (pVM=00007f7967721000)
pTimerR3         offNext  offPrev  offSched Clock               Time             Expire HzHint State                     Description
00007f7966b986d0 ffffff80 ffffc940 00000000 Real             8278815            8278797      0 2-ACTIVE                  EMT Yielder
00007f7966b98650 fffeac00 00000080 00000000 Real             8278816            8278884      0 2-ACTIVE                  CPU Load Timer
00007f7966b981e0 00000000 fffecd50 00000000 VrSy          4929589626       599932015941      0 2-ACTIVE                  ACPI PM Timer
00007f7966b95010 000036c0 00000000 00000000 Real             8278816            8278785      0 2-ACTIVE                  VGA Refresh Timer
00007f7966b84fb0 00000000 00000000 00000000 VrSy          4929589626         3990244140      0 1-STOPPED                 MC146818 RTC/CMOS - Second2
00007f7966b84f30 000132b0 fffffa30 00000000 VrSy          4929589626         4990000000      0 2-ACTIVE                  MC146818 RTC/CMOS - Second
00007f7966b84eb0 00000000 00000000 00000000 VrSy          4929589626                  0      0 1-STOPPED                 MC146818 RTC/CMOS - Periodic
00007f7966b84960 000005d0 00000000 00000000 VrSy          4929589626         4937910436     18 2-ACTIVE                  i8254 Programmable Interval Timer
00007f7966b840d0 00000000 00000000 00000000 VrSy          4929589626                  0      0 1-STOPPED                 APIC Timer #0
00007f7966b832d0 00000000 00000000 00000000 Virt          4931077602            6875765      0 1-STOPPED                 PS2K Delay Timer
00007f7966b83250 00000000 00015400 00000000 Real             8278817            8279052      0 2-ACTIVE                  PS2K Typematic Timer
00007f7966b80a10 00000000 00000000 00000000 Real             8278818                  0      0 1-STOPPED                 BlkCache-Commit
!!
!! {activetimers, <NULL>}
!!
Active Timers (pVM=00007f7967721000)
pTimerR3         offNext  offPrev  offSched Clock               Time             Expire HzHint State                     Description
00007f7966b95010 000036c0 00000000 00000000 Real             8278818            8278785      0 2-ACTIVE                  VGA Refresh Timer
00007f7966b986d0 ffffff80 ffffc940 00000000 Real             8278818            8278797      0 2-ACTIVE                  EMT Yielder
00007f7966b98650 fffeac00 00000080 00000000 Real             8278818            8278884      0 2-ACTIVE                  CPU Load Timer
00007f7966b83250 00000000 00015400 00000000 Real             8278819            8279052      0 2-ACTIVE                  PS2K Typematic Timer
00007f7966b84960 000005d0 00000000 00000000 VrSy          4929589626         4937910436     18 2-ACTIVE                  i8254 Programmable Interval Timer
00007f7966b84f30 000132b0 fffffa30 00000000 VrSy          4929589626         4990000000      0 2-ACTIVE                  MC146818 RTC/CMOS - Second
00007f7966b981e0 00000000 fffecd50 00000000 VrSy          4929589626       599932015941      0 2-ACTIVE                  ACPI PM Timer
!!
!! {apic}
!!
Local APIC at fee00900:
  LAPIC ID  : 00000000
    APIC ID = 00
  APIC VER   : 00050014
    version  = 14
    lvts     = 6
  TPR        : 00000000
    task pri = 0/0
  PPR        : 00000000
    cpu pri  = 0/0
  LDR       : 00000000
    log id  = 00
  DFR       : 0fffffff
  SVR       : 000000ff
    focus   = check on
    lapic   = DISABLED
    vector  = ff
  ISR       : 0000000000000000000000000000000000000000000000000000000000000000
    highest = 00
  IRR       : 0000000000000000000000000000000000000000000000000000000000000000
    highest = 00
!!
!! {cfgm}
!!
pRoot=00007f7950000ae0:{/}
[/] (level 0)
  CSAMEnabled       <integer> = 0x0000000000000001 (1)
  CpuExecutionCap   <integer> = 0x0000000000000064 (100)
  EnablePAE         <integer> = 0x0000000000000001 (1)
  HMEnabled         <integer> = 0x0000000000000001 (1)
  MemBalloonSize    <integer> = 0x0000000000000000 (0)
  Name              <string>  = "AQUA OS" (cb=8)
  NumCPUs           <integer> = 0x0000000000000001 (1)
  PATMEnabled       <integer> = 0x0000000000000001 (1)
  PageFusionAllowed <integer> = 0x0000000000000000 (0)
  RamHoleSize       <integer> = 0x0000000020000000 (536 870 912, 512 MB)
  RamSize           <integer> = 0x0000000020000000 (536 870 912, 512 MB)
  RawR0Enabled      <integer> = 0x0000000000000001 (1)
  RawR3Enabled      <integer> = 0x0000000000000001 (1)
  TimerMillies      <integer> = 0x000000000000000a (10)
  UUID              <bytes>   = "e5 67 df ff a5 85 60 47 b3 fc bb c1 db 8f f1 24" (cb=16)

[/CPUM/] (level 1)
  SyntheticCpu <integer> = 0x0000000000000000 (0)

[/DBGF/] (level 1)
  Path <string>  = "/home/aymeric/VirtualBox VMs/AQUA OS/debug/;/home/aymeric/VirtualBox VMs/AQUA OS/;/home/aymeric/" (cb=97)

[/Devices/] (level 1)

[/Devices/8237A/] (level 2)

[/Devices/8237A/0/] (level 3)
  Trusted <integer> = 0x0000000000000001 (1)

[/Devices/8237A/0/Config/] (level 4) (restricted root)

[/Devices/AudioSniffer/] (level 2)

[/Devices/AudioSniffer/0/] (level 3)

[/Devices/AudioSniffer/0/Config/] (level 4) (restricted root)

[/Devices/AudioSniffer/0/LUN#0/] (level 4)
  Driver <string>  = "MainAudioSniffer" (cb=17)

[/Devices/AudioSniffer/0/LUN#0/Config/] (level 5) (restricted root)
  Object <integer> = 0x00007f7978005e00 (140 159 681 060 352)

[/Devices/VMMDev/] (level 2)

[/Devices/VMMDev/0/] (level 3)
  PCIBusNo      <integer> = 0x0000000000000000 (0)
  PCIDeviceNo   <integer> = 0x0000000000000004 (4)
  PCIFunctionNo <integer> = 0x0000000000000000 (0)
  Trusted       <integer> = 0x0000000000000001 (1)

[/Devices/VMMDev/0/Config/] (level 4) (restricted root)
  GuestCoreDumpDir <string>  = "/home/aymeric/VirtualBox VMs/AQUA OS/Snapshots" (cb=47)
  RamSize          <integer> = 0x0000000020000000 (536 870 912, 512 MB)

[/Devices/VMMDev/0/LUN#0/] (level 4)
  Driver <string>  = "HGCM" (cb=5)

[/Devices/VMMDev/0/LUN#0/Config/] (level 5) (restricted root)
  Object <integer> = 0x00007f795c000910 (140 159 211 276 560)

[/Devices/VMMDev/0/LUN#999/] (level 4)
  Driver <string>  = "MainStatus" (cb=11)

[/Devices/VMMDev/0/LUN#999/Config/] (level 5) (restricted root)
  First   <integer> = 0x0000000000000000 (0)
  Last    <integer> = 0x0000000000000000 (0)
  papLeds <integer> = 0x00007f7978001890 (140 159 681 042 576)

[/Devices/acpi/] (level 2)

[/Devices/acpi/0/] (level 3)
  PCIBusNo      <integer> = 0x0000000000000000 (0)
  PCIDeviceNo   <integer> = 0x0000000000000007 (7)
  PCIFunctionNo <integer> = 0x0000000000000000 (0)
  Trusted       <integer> = 0x0000000000000001 (1)

[/Devices/acpi/0/Config/] (level 4) (restricted root)
  CpuHotPlug        <integer> = 0x0000000000000000 (0)
  FdcEnabled        <integer> = 0x0000000000000000 (0)
  HostBusPciAddress <integer> = 0x0000000000000000 (0)
  HpetEnabled       <integer> = 0x0000000000000000 (0)
  IOAPIC            <integer> = 0x0000000000000000 (0)
  IocPciAddress     <integer> = 0x0000000000010000 (65 536)
  NumCPUs           <integer> = 0x0000000000000001 (1)
  RamHoleSize       <integer> = 0x0000000020000000 (536 870 912, 512 MB)
  RamSize           <integer> = 0x0000000020000000 (536 870 912, 512 MB)
  Serial0IoPortBase <integer> = 0x0000000000000000 (0)
  Serial0Irq        <integer> = 0x0000000000000000 (0)
  Serial1IoPortBase <integer> = 0x0000000000000000 (0)
  Serial1Irq        <integer> = 0x0000000000000000 (0)
  ShowCpu           <integer> = 0x0000000000000000 (0)
  ShowRtc           <integer> = 0x0000000000000000 (0)
  SmcEnabled        <integer> = 0x0000000000000000 (0)

[/Devices/acpi/0/LUN#0/] (level 4)
  Driver <string>  = "ACPIHost" (cb=9)

[/Devices/acpi/0/LUN#0/Config/] (level 5) (restricted root)

[/Devices/apic/] (level 2)

[/Devices/apic/0/] (level 3)
  Trusted <integer> = 0x0000000000000001 (1)

[/Devices/apic/0/Config/] (level 4) (restricted root)
  IOAPIC  <integer> = 0x0000000000000000 (0)
  NumCPUs <integer> = 0x0000000000000001 (1)

[/Devices/e1000/] (level 2)

[/Devices/i8254/] (level 2)

[/Devices/i8254/0/] (level 3)

[/Devices/i8254/0/Config/] (level 4) (restricted root)

[/Devices/i8259/] (level 2)

[/Devices/i8259/0/] (level 3)
  Trusted <integer> = 0x0000000000000001 (1)

[/Devices/i8259/0/Config/] (level 4) (restricted root)

[/Devices/mc146818/] (level 2)

[/Devices/mc146818/0/] (level 3)

[/Devices/mc146818/0/Config/] (level 4) (restricted root)
  UseUTC <integer> = 0x0000000000000000 (0)

[/Devices/parallel/] (level 2)

[/Devices/pcarch/] (level 2)

[/Devices/pcarch/0/] (level 3)
  Trusted <integer> = 0x0000000000000001 (1)

[/Devices/pcarch/0/Config/] (level 4) (restricted root)

[/Devices/pcbios/] (level 2)

[/Devices/pcbios/0/] (level 3)
  Trusted <integer> = 0x0000000000000001 (1)

[/Devices/pcbios/0/Config/] (level 4) (restricted root)
  BootDevice0    <string>  = "FLOPPY" (cb=7)
  BootDevice1    <string>  = "DVD" (cb=4)
  BootDevice2    <string>  = "IDE" (cb=4)
  BootDevice3    <string>  = "NONE" (cb=5)
  FloppyDevice   <string>  = "i82078" (cb=7)
  HardDiskDevice <string>  = "piix3ide" (cb=9)
  IOAPIC         <integer> = 0x0000000000000000 (0)
  McfgBase       <integer> = 0x0000000000000000 (0)
  McfgLength     <integer> = 0x0000000000000000 (0)
  NumCPUs        <integer> = 0x0000000000000001 (1)
  PXEDebug       <integer> = 0x0000000000000000 (0)
  RamHoleSize    <integer> = 0x0000000020000000 (536 870 912, 512 MB)
  RamSize        <integer> = 0x0000000020000000 (536 870 912, 512 MB)
  UUID           <bytes>   = "e5 67 df ff a5 85 60 47 b3 fc bb c1 db 8f f1 24" (cb=16)

[/Devices/pcbios/0/Config/NetBoot/] (level 5)

[/Devices/pci/] (level 2)

[/Devices/pci/0/] (level 3)
  Trusted <integer> = 0x0000000000000001 (1)

[/Devices/pci/0/Config/] (level 4) (restricted root)
  IOAPIC <integer> = 0x0000000000000000 (0)

[/Devices/pckbd/] (level 2)

[/Devices/pckbd/0/] (level 3)
  Trusted <integer> = 0x0000000000000001 (1)

[/Devices/pckbd/0/Config/] (level 4) (restricted root)

[/Devices/pckbd/0/LUN#0/] (level 4)
  Driver <string>  = "KeyboardQueue" (cb=14)

[/Devices/pckbd/0/LUN#0/AttachedDriver/] (level 5)
  Driver <string>  = "MainKeyboard" (cb=13)

[/Devices/pckbd/0/LUN#0/AttachedDriver/Config/] (level 6) (restricted root)
  Object <integer> = 0x00007f797800ba00 (140 159 681 083 904)

[/Devices/pckbd/0/LUN#0/Config/] (level 5) (restricted root)
  QueueSize <integer> = 0x0000000000000040 (64)

[/Devices/pckbd/0/LUN#1/] (level 4)
  Driver <string>  = "MouseQueue" (cb=11)

[/Devices/pckbd/0/LUN#1/AttachedDriver/] (level 5)
  Driver <string>  = "MainMouse" (cb=10)

[/Devices/pckbd/0/LUN#1/AttachedDriver/Config/] (level 6) (restricted root)
  Object <integer> = 0x00007f797800ce00 (140 159 681 089 024)

[/Devices/pckbd/0/LUN#1/Config/] (level 5) (restricted root)
  QueueSize <integer> = 0x0000000000000080 (128)

[/Devices/pcnet/] (level 2)

[/Devices/piix3ide/] (level 2)

[/Devices/piix3ide/0/] (level 3)
  PCIBusNo      <integer> = 0x0000000000000000 (0)
  PCIDeviceNo   <integer> = 0x0000000000000001 (1)
  PCIFunctionNo <integer> = 0x0000000000000001 (1)
  Trusted       <integer> = 0x0000000000000001 (1)

[/Devices/piix3ide/0/Config/] (level 4) (restricted root)
  Type <string>  = "PIIX4" (cb=6)

[/Devices/piix3ide/0/Config/SecondaryMaster/] (level 5)
  NonRotationalMedium <integer> = 0x0000000000000000 (0)

[/Devices/piix3ide/0/LUN#2/] (level 4)
  Driver <string>  = "Block" (cb=6)

[/Devices/piix3ide/0/LUN#2/AttachedDriver/] (level 5)
  Driver <string>  = "VD" (cb=3)

[/Devices/piix3ide/0/LUN#2/AttachedDriver/Config/] (level 6) (restricted root)
  Format   <string>  = "RAW" (cb=4)
  Path     <string>  = "/home/aymeric/AQUA kernel/AQUA/aqua/aqua.iso" (cb=45)
  ReadOnly <integer> = 0x0000000000000001 (1)
  Type     <string>  = "DVD" (cb=4)

[/Devices/piix3ide/0/LUN#2/Config/] (level 5) (restricted root)
  Mountable <integer> = 0x0000000000000001 (1)
  Type      <string>  = "DVD" (cb=4)

[/Devices/piix3ide/0/LUN#999/] (level 4)
  Driver <string>  = "MainStatus" (cb=11)

[/Devices/piix3ide/0/LUN#999/Config/] (level 5) (restricted root)
  DeviceInstance        <string>  = "piix3ide/0" (cb=11)
  First                 <integer> = 0x0000000000000000 (0)
  Last                  <integer> = 0x0000000000000003 (3)
  pConsole              <integer> = 0x00007f79780012a0 (140 159 681 041 056)
  papLeds               <integer> = 0x00007f79780015a0 (140 159 681 041 824)
  pmapMediumAttachments <integer> = 0x00007f79780018a8 (140 159 681 042 600)

[/Devices/serial/] (level 2)

[/Devices/vga/] (level 2)

[/Devices/vga/0/] (level 3)
  PCIBusNo      <integer> = 0x0000000000000000 (0)
  PCIDeviceNo   <integer> = 0x0000000000000002 (2)
  PCIFunctionNo <integer> = 0x0000000000000000 (0)
  Trusted       <integer> = 0x0000000000000001 (1)

[/Devices/vga/0/Config/] (level 4) (restricted root)
  CustomVideoModes <integer> = 0x0000000000000000 (0)
  FadeIn           <integer> = 0x0000000000000001 (1)
  FadeOut          <integer> = 0x0000000000000001 (1)
  HeightReduction  <integer> = 0x0000000000000000 (0)
  LogoFile         <string>  = "" (cb=1)
  LogoTime         <integer> = 0x0000000000000000 (0)
  MonitorCount     <integer> = 0x0000000000000001 (1)
  ShowBootMenu     <integer> = 0x0000000000000002 (2)
  VRamSize         <integer> = 0x0000000000800000 (8 388 608, 8 MB)

[/Devices/vga/0/LUN#0/] (level 4)
  Driver <string>  = "MainDisplay" (cb=12)

[/Devices/vga/0/LUN#0/Config/] (level 5) (restricted root)
  Object <integer> = 0x00007f7978001ce0 (140 159 681 043 680)

[/Devices/virtio-net/] (level 2)

[/EM/] (level 1)
  TripleFaultReset <integer> = 0x0000000000000000 (0)

[/HM/] (level 1)
  64bitEnabled       <integer> = 0x0000000000000001 (1)
  EnableLargePages   <integer> = 0x0000000000000000 (0)
  EnableNestedPaging <integer> = 0x0000000000000001 (1)
  EnableUX           <integer> = 0x0000000000000001 (1)
  EnableVPID         <integer> = 0x0000000000000001 (1)
  Exclusive          <integer> = 0x0000000000000001 (1)
  HMForced           <integer> = 0x0000000000000001 (1)

[/MM/] (level 1)
  CanUseLargerHeap <integer> = 0x0000000000000000 (0)

[/PDM/] (level 1)

[/PDM/AsyncCompletion/] (level 2)

[/PDM/AsyncCompletion/File/] (level 3)

[/PDM/AsyncCompletion/File/BwGroups/] (level 4)

[/PDM/BlkCache/] (level 2)
  CacheSize <integer> = 0x0000000000500000 (5 242 880, 5 MB)

[/PDM/Devices/] (level 2)

[/PDM/Drivers/] (level 2)

[/PDM/Drivers/VBoxC/] (level 3)
  Path <string>  = "/usr/lib/virtualbox/components/VBoxC" (cb=37)

[/PDM/NetworkShaper/] (level 2)

[/PDM/NetworkShaper/BwGroups/] (level 3)

[/TM/] (level 1)
  UTCOffset <integer> = 0x0000000000000000 (0)

!!
!! {clocks}
!!
Cpu Tick:         6406569776 (0x0000017ddc7f30) 1299568396Hz paused - virtualized - virtual clock
 Virtual:         4931077602 (0x00000125ea45e2) 1000000000Hz paused
VirtSync:         4929589626 (0x00000125d3917a) paused
          offset 41966  catch-up rate 10 %
    Real:            8278836 (0x000000007e5334) 1000Hz
!!
!! {cmos1}
!!
First CMOS bank, offsets 0x0E - 0x7F
Offset 00 : --- use 'info rtc' to show CMOS clock --- 00 00
Offset 10 : 00 00 00 00 0e 80 02 ff-ff 00 00 00 00 00 00 00
Offset 20 : 00 00 00 00 00 00 00 00-00 00 00 00 00 00 02 8e
Offset 30 : ff ff 20 00 00 1f 00 20-20 00 00 00 00 31 00 00
Offset 40 : 00 00 00 00 00 00 00 00-00 00 00 00 00 00 00 00
Offset 50 : 00 00 00 00 00 00 00 00-00 00 00 00 00 00 00 00
Offset 60 : 01 00 00 00 00 00 00 00-00 00 00 00 00 00 00 00
Offset 70 : 00 00 00 00 00 00 00 00-00 00 00 00 00 00 00 00
!!
!! {cmos2}
!!
Second CMOS bank, offsets 0x80 - 0xFF
Offset 80 : 00 00 ff ff ff ff ff ff-ff ff 00 00 00 00 00 00
Offset 90 : 00 00 00 00 00 00 00 00-00 00 00 00 00 00 00 00
Offset a0 : 00 00 00 00 00 00 00 00-00 00 00 00 00 00 00 00
Offset b0 : 00 00 00 00 00 00 00 00-00 00 00 00 00 00 00 00
Offset c0 : 00 00 00 00 00 00 00 00-00 00 00 00 00 00 00 00
Offset d0 : 00 00 00 00 00 00 00 00-00 00 00 00 00 00 00 00
Offset e0 : 00 00 00 00 00 00 00 00-00 00 00 00 00 00 00 00
Offset f0 : 00 00 00 00 00 00 00 00-00 00 00 00 00 00 00 00
!!
!! {fflags}
!!
Global FFs: 0x0
CPU 0 FFs: 0x80004
    TIMER, TLB_FLUSH
  Groups:
    EXTERNAL_HALTED, HIGH_PRIORITY_PRE, HM_TO_R3, ALL_REM
!!
!! {gdtguest}
!!
Guest GDT (GCAddr=000000000011b5e0 limit=20):
0010 - 0000ffff 00cf9b00 - base=00000000 limit=ffffffff dpl=0 CodeER Accessed Present Page 32-bit 
0018 - 0000ffff 00cf9300 - base=00000000 limit=ffffffff dpl=0 DataRW Accessed Present Page 32-bit 
!!
!! {guestprops}
!!
/VirtualBox/HostInfo/GUI/LanguageID: 'en_US', 1497605812997759000
/VirtualBox/HostInfo/VBoxVerExt: '4.3.36_Debian', 1497626070520807000 (TRANSIENT, RDONLYGUEST)
/VirtualBox/HostGuest/SysprepExec: '', 1497626070519900000 (TRANSIENT, RDONLYGUEST)
/VirtualBox/HostGuest/SysprepArgs: '', 1497626070519962000 (TRANSIENT, RDONLYGUEST)
/VirtualBox/HostInfo/VBoxRev: '105129', 1497626070520862000 (TRANSIENT, RDONLYGUEST)
/VirtualBox/HostInfo/VBoxVer: '4.3.36', 1497626070520751000 (TRANSIENT, RDONLYGUEST)
!!
!! {ioport}
!!
I/O Port R3 ranges (pVM=00007f7967721000)
Range     pDevIns          In               Out              pvUser           Description
0000-0007 00007f79502c7eb0 00007f7964b7b780 00007f7964b7c310 00007f79502c7fc0 DMA8 Address
0008-000f 00007f79502c7eb0 00007f7964b7b810 00007f7964b7c3d0 00007f79502c7fc0 DMA8 Control
0020-0021 00007f7966b84150 00007f7964b52210 00007f7964b523a0 0000000000000000 i8259 PIC #0
0040-0043 00007f7966b84620 00007f7964b50090 00007f7964b51090 0000000000000000 i8254 Programmable Interval Timer
0060-0060 00007f7966b82cd0 00007f7964b27740 00007f7964b27ae0 0000000000000000 PC Keyboard - Data
0061-0061 00007f7966b84620 00007f7964b50730 00007f7964b50f50 0000000000000000 PC Speaker
0064-0064 00007f7966b82cd0 00007f7964b26450 00007f7964b277c0 0000000000000000 PC Keyboard - Command / Status
0070-0073 00007f7966b84b00 00007f7964b58070 00007f7964b59030 0000000000000000 MC146818 RTC/CMOS
0080-0087 00007f79502c7eb0 00007f7964b7b910 00007f7964b7c530 00007f79502c7fc0 DMA8 Page
0088-008f 00007f79502c7eb0 00007f7964b7b910 00007f7964b7c530 00007f79502c8060 DMA16 Page
0092-0092 00007f79502715f0 00007f7964b5f1d0 00007f7964b5f210 0000000000000000 PS/2 system control port A (A20 and more)
00a0-00a1 00007f7966b84150 00007f7964b52210 00007f7964b523a0 0000000000000001 i8259 PIC #1
00c0-00cf 00007f79502c7eb0 00007f7964b7b780 00007f7964b7c310 00007f79502c8060 DMA16 Address
00d0-00df 00007f79502c7eb0 00007f7964b7b810 00007f7964b7c3d0 00007f79502c8060 DMA16 Control
00f0-00ff 00007f79502715f0 00007f7964b5f0d0 00007f7964b5f1a0 0000000000000000 Math Co-Processor (DOS/OS2 mode)
0170-0177 00007f7966b95150 00007f7964b4f1d0 00007f7964b4d9a0 0000000000000001 ATA I/O Base 1
01ce-01ce 00007f7974006000 00007f7964b3db60 00007f7964b3daf0 0000000000000000 VGA/VBE - Index
01cf-01cf 00007f7974006000 00007f7964b3da50 00007f7964b3fb40 0000000000000000 VGA/VBE - Data
01f0-01f7 00007f7966b95150 00007f7964b4f1d0 00007f7964b4d9a0 0000000000000000 ATA I/O Base 1
0376-0376 00007f7966b95150 00007f7964b44850 00007f7964b47680 0000000000000001 ATA I/O Base 2
03b0-03b3 00007f7974006000 00007f7964b3eb20 00007f7964b3eb80 0000000000000000 VGA - 3b0 (HGSMI host)
03b4-03b5 00007f7974006000 00007f7964b3a6d0 00007f7964b3f020 0000000000000000 VGA - 3b4
03b6-03b6 00007f7974006000 00007f7964b3a7c0 00007f7964b3a7a0 0000000000000000 VBE BIOS Extra Data
03b7-03b7 00007f7974006000 00007f7964b3a740 00007f7964b3a750 0000000000000000 VGA BIOS debug/panic
03b8-03b8 00007f7974006000 00007f7964b3ab80 00007f7964b3dbc0 0000000000000000 BIOS Logo
03ba-03ba 00007f7974006000 00007f7964b3a6d0 00007f7964b3f020 0000000000000000 VGA - 3ba
03c0-03cf 00007f7974006000 00007f7964b3a6d0 00007f7964b3f020 0000000000000000 VGA - 3c0
03d0-03d3 00007f7974006000 00007f7964b3eb20 00007f7964b3eb80 0000000000000000 VGA - 3d0 (HGSMI guest)
03d4-03d5 00007f7974006000 00007f7964b3a6d0 00007f7964b3f020 0000000000000000 VGA - 3d4
03da-03da 00007f7974006000 00007f7964b3a6d0 00007f7964b3f020 0000000000000000 VGA - 3da
03f6-03f6 00007f7966b95150 00007f7964b44850 00007f7964b47680 0000000000000000 ATA I/O Base 2
0400-0403 00007f7950271b60 00007f7964b59530 00007f7964b5aae0 0000000000000000 Bochs PC BIOS - Panic & Debug
04d0-04d0 00007f7966b84150 00007f7964b51720 00007f7964b517a0 00007f7966b84250 i8259 PIC #0 - elcr
04d1-04d1 00007f7966b84150 00007f7964b51720 00007f7964b517a0 00007f7966b84298 i8259 PIC #1 - elcr
0504-0504 00007f7966b85330 00007f79858dfdc0 00007f7964b60290 0000000000000000 VMMDev backdoor logging
0505-0505 00007f7966b85330 00007f7964b60210 00007f7964b601d0 0000000000000000 VMMDev timesync backdoor
0cf8-0cf8 00007f7966b81ce0 00007f7964b30550 00007f7964b304f0 0000000000000000 i440FX (PCI)
0cfc-0cff 00007f7966b81ce0 00007f7964b2f4c0 00007f7964b2f430 0000000000000000 i440FX (PCI)
4000-4000 00007f7966b96620 00007f7964b53040 00007f7964b53a10 00007f7966b96720 ACPI PM1a Status
4002-4002 00007f7966b96620 00007f7964b530a0 00007f7964b53ab0 00007f7966b96720 ACPI PM1a Enable
4004-4004 00007f7966b96620 00007f7964b52fe0 00007f7964b53fa0 00007f7966b96720 ACPI PM1a Control
4008-4008 00007f7966b96620 00007f7964b53920 00007f79858df960 00007f7966b96720 ACPI PM Timer
4020-4020 00007f7966b96620 00007f7964b52f20 00007f7964b546d0 00007f7966b96720 ACPI GPE0 Status
4021-4021 00007f7966b96620 00007f7964b52f80 00007f7964b54740 00007f7966b96720 ACPI GPE0 Enable
4040-4040 00007f7966b96620 00007f79858dfdc0 00007f7964b53c00 00007f7966b96720 ACPI Battery status index
4044-4044 00007f7966b96620 00007f7964b533d0 00007f79858df960 00007f7966b96720 ACPI Battery status data
4048-4048 00007f7966b96620 00007f79858dfdc0 00007f7964b53b30 00007f7966b96720 ACPI system info index
404c-404c 00007f7966b96620 00007f7964b53100 00007f7964b54250 00007f7966b96720 ACPI system info data
4050-4050 00007f7966b96620 00007f79858dfdc0 00007f7964b541f0 00007f7966b96720 ACPI Reset
442e-442e 00007f7966b96620 00007f79858dfdc0 00007f7964b53c80 00007f7966b96720 ACPI SMI
8900-8900 00007f7950271b60 00007f7964b59530 00007f7964b5aae0 0000000000000000 Bochs PC BIOS - Shutdown
d000-d007 00007f7966b95150 00007f7964b44930 00007f7964b47480 0000000000000000 ATA Bus Master DMA
d008-d00f 00007f7966b95150 00007f7964b44930 00007f7964b47480 0000000000000001 ATA Bus Master DMA
d020-d020 00007f7966b85330 00007f79858dfdc0 00007f7964b623a0 00007f7966b85430 VMMDev Request Handler
I/O Port R0 ranges (pVM=00007f7967721000)
Range     pDevIns          In               Out              pvUser           Description
0020-0021 00007f7966b84150 ffffffffa09f6b10 ffffffffa09f6ca0 0000000000000000 i8259 PIC #0
0040-0043 00007f7966b84620 ffffffffa09f61a0 ffffffffa09f6330 0000000000000000 i8254 Programmable Interval Timer
0070-0073 00007f7966b84b00 ffffffffa09f7360 ffffffffa09f7490 0000000000000000 MC146818 RTC/CMOS
00a0-00a1 00007f7966b84150 ffffffffa09f6b10 ffffffffa09f6ca0 0000000000000001 i8259 PIC #1
0170-0177 00007f7966b95150 ffffffffa09f8e70 ffffffffa09f8a40 0000000000000001 ATA I/O Base 1
01ce-01ce 00007f7974006000 ffffffffa09f35f0 ffffffffa09f34e0 0000000000000000 VGA/VBE - Index (GC)
01cf-01cf 00007f7974006000 ffffffffa09f3550 ffffffffa09f3460 0000000000000000 VGA/VBE - Data (GC)
01f0-01f7 00007f7966b95150 ffffffffa09f8e70 ffffffffa09f8a40 0000000000000000 ATA I/O Base 1
0376-0376 00007f7966b95150 ffffffffa09f9530 ffffffffa09f93e0 0000000000000001 ATA I/O Base 2
03b4-03b5 00007f7974006000 ffffffffa09f33f0 ffffffffa09f3370 0000000000000000 VGA - 3b4 (GC)
03b7-03b7 00007f7974006000 ffffffffa09f41e0 ffffffffa09f41f0 0000000000000000 VGA BIOS debug/panic
03ba-03ba 00007f7974006000 ffffffffa09f33f0 ffffffffa09f3370 0000000000000000 VGA - 3ba (GC)
03c0-03cf 00007f7974006000 ffffffffa09f33f0 ffffffffa09f3370 0000000000000000 VGA - 3c0 (GC)
03d4-03d5 00007f7974006000 ffffffffa09f33f0 ffffffffa09f3370 0000000000000000 VGA - 3d4 (GC)
03da-03da 00007f7974006000 ffffffffa09f33f0 ffffffffa09f3370 0000000000000000 VGA - 3da (GC)
03f6-03f6 00007f7966b95150 ffffffffa09f9530 ffffffffa09f93e0 0000000000000000 ATA I/O Base 2
04d0-04d0 00007f7966b84150 ffffffffa09f7120 ffffffffa09f71a0 00007f7966b84250 i8259 PIC #0 - elcr
04d1-04d1 00007f7966b84150 ffffffffa09f7120 ffffffffa09f71a0 00007f7966b84298 i8259 PIC #1 - elcr
0cf8-0cf8 00007f7966b81ce0 ffffffffa09f11d0 ffffffffa09f1170 0000000000000000 i440FX (PCI)
0cfc-0cff 00007f7966b81ce0 ffffffffa09f12f0 ffffffffa09f1240 0000000000000000 i440FX (PCI)
4008-4008 00007f7966b96620 ffffffffa09f5de0 0000000000000000 0000000000000000 ACPI PM Timer
d000-d007 00007f7966b95150 ffffffffa09f87d0 ffffffffa09f88e0 0000000000000000 ATA Bus Master DMA
d008-d00f 00007f7966b95150 ffffffffa09f87d0 ffffffffa09f88e0 0000000000000001 ATA Bus Master DMA
I/O Port GC ranges (pVM=00007f7967721000)
Range     pDevIns  In       Out      pvUser   Description
!!
!! {ldtguest}
!!
Guest LDT (Sel=0): Null-Selector
!!
!! {mmio}
!!
MMIO ranges (pVM=00007f7967721000)
GC Phys Range                     pDevIns          Read             Write            Fill             pvUser           Description
00000000000a0000-00000000000bffff 00007f7974006000 00007f7964b3e940 00007f7964b3d7b0 00007f7964b3df30 0000000000000000 VGA - VGA Video Buffer
                               R0 00007f7974006000 ffffffffa09f3d10 ffffffffa09f3ef0 ffffffffa09f3650 0000000000000000
                               RC 00000000 00000000 00000000 00000000 00000000
00000000fee00000-00000000fee00fff 00007f7966b83410 00007f79648db990 00007f79648dabd0 0000000000000000 00007f7966b83510 APIC Memory
                               R0 00007f7966b83410 ffffffffa00adab0 ffffffffa00adb80 0000000000000000 0000000000000000
                               RC 00000000 00000000 00000000 00000000 00000000
!!
!! {pci}
!!
00:00:00 i440FX: 8086-1237
        Command: 00 00, Status: 00 00
        Bus master: No
00:01:00 PIIX3: 8086-7000
        Command: 07 00, Status: 00 02
        Bus master: Yes
00:01:01 piix3ide: 8086-7111
        IO region #4: d000..d010
        Command: 07 00, Status: 00 00
        Bus master: Yes
00:02:00 vga: 80ee-beef IRQ11
        MMIO32 PREFETCH region #0: e0000000..e0800000
        Command: 07 00, Status: 00 00
        Bus master: Yes
00:04:00 VMMDev: 80ee-cafe IRQ10
        IO region #0: d020..d040
        MMIO32 region #1: f0000000..f0400000
        MMIO32 PREFETCH region #2: f0400000..f0404000
        Command: 07 00, Status: 00 00
        Bus master: Yes
00:07:00 acpi: 8086-7113 IRQ9
        Command: 07 00, Status: 80 02
        Bus master: Yes
!!
!! {pciirq}
!!
PCI interrupt router at: 00:01:0
PIRQA disabled
PIRQB -> IRQ11
PIRQC -> IRQ9
PIRQD -> IRQ10
!!
!! {pdmtracingids}
!!
Device tracing IDs:
00001  pcarch
00002  pcbios
00003  pci
00004  pckbd
00005  apic
00006  i8259
00007  i8254
00008  mc146818
00009  8237A
00010  VMMDev
00011  vga
00012  piix3ide
00013  AudioSniffer
00014  acpi
USB device tracing IDs:
Driver tracing IDs:
01025  KeyboardQueue (level 0, lun 0, dev pckbd)
01026  MainKeyboard (level 1, lun 0, dev pckbd)
01027  MouseQueue (level 0, lun 1, dev pckbd)
01028  MainMouse (level 1, lun 1, dev pckbd)
01029  HGCM (level 0, lun 0, dev VMMDev)
01030  MainStatus (level 0, lun 999, dev VMMDev)
01031  MainDisplay (level 0, lun 0, dev vga)
01032  MainStatus (level 0, lun 999, dev piix3ide)
01033  Block (level 0, lun 2, dev piix3ide)
01034  VD (level 1, lun 2, dev piix3ide)
01035  MainAudioSniffer (level 0, lun 0, dev AudioSniffer)
01036  ACPIHost (level 0, lun 0, dev acpi)
!!
!! {phys}
!!
RAM ranges (pVM=00007f7967721000)
GC Phys Range                     pvHC            
0000000000000000-000000001fffffff 0000000000000000 Base RAM
00000000e0000000-00000000e07fffff 00007f793f800000 VRam
00000000f0000000-00000000f03fffff 00007f7964296000 VMMDev
00000000f0400000-00000000f0403fff 00007f7984bbd000 VMMDev Heap
00000000fee00000-00000000fee00fff 0000000000000000 APIC Memory
00000000ffff0000-00000000ffffffff 0000000000000000 PC BIOS - 0xffffffff
!!
!! {pic}
!!
PIC0:
 IMR :b8 ISR   :00 IRR   :00 LIRR:01
 Base:08 PriAdd:00 RegSel:01
 Poll:00 SpMask:00 IState:00
 AEOI:00 Rotate:00 FNest :00 Ini4:01
 ELCR:00 ELMask:f8
PIC1:
 IMR :8f ISR   :00 IRR   :00 LIRR:00
 Base:70 PriAdd:00 RegSel:00
 Poll:00 SpMask:00 IState:00
 AEOI:00 Rotate:00 FNest :00 Ini4:01
 ELCR:0e ELMask:de
!!
!! {pit}
!!
PIT (i8254) channel 0 status: irq=0x0
      count=00010000  latched_count=0000  count_latched=00
           status=00   status_latched=00     read_state=03
      write_state=03      write_latch=00        rw_mode=03
             mode=02              bcd=00           gate=01
  count_load_time=0000000096465951 next_transition_time=00000001265288a4
      u64ReloadTS=00000001230c704b            u64NextTS=00000001265288a4
PIT (i8254) channel 1 status: irq=0x0
      count=00010000  latched_count=0000  count_latched=00
           status=00   status_latched=00     read_state=00
      write_state=00      write_latch=00        rw_mode=00
             mode=03              bcd=00           gate=01
  count_load_time=0000000000000000 next_transition_time=0000000000000000
      u64ReloadTS=0000000000000000            u64NextTS=ffffffffffffffff
PIT (i8254) channel 2 status: irq=0x0
      count=0000ffff  latched_count=0000  count_latched=00
           status=00   status_latched=00     read_state=03
      write_state=03      write_latch=ff        rw_mode=03
             mode=00              bcd=00           gate=00
  count_load_time=00000000983323f5 next_transition_time=0000000000000000
      u64ReloadTS=00000000983323f5            u64NextTS=ffffffffffffffff
speaker_data_on=0x0
!!
!! {ps2k}
!!
PS/2 Keyboard: scan set 2, scanning enabled
Active command 00
LED state 00, Num Lock off
Typematic delay 500ms, repeat period 91ms
Command queue: 0 items (4 max)
Input queue  : 0 items (64 max)
!!
!! {rtc}
!!
Time: 17:14:33  Date: 17-06-16
REG A=26 B=02 C=00 D=80
!!
!! {tracebuf}
!!
Tracing is disable
!!
!! {vbe}
!!
LFB at 00000000e0000000
VBE disabled
!!
!! {vga}
!!
pixel clock: 28.322 MHz
double scanning off
double clocking off
htotal: 900 px (100 cclk)
vtotal: 449 px
hdisp : 720 px (80 cclk)
vdisp : 400 px
split : 1023 ln
start : 0x0
char height 16
text mode 80x25
cbLine:   0x280
offStart: 0x0 (line 0x0)
display refresh interval: 20 ms
!!
!! {vgaar}
!!
VGA Attribute Controller (3C0): index reg 20, flip-flop: 0 (index)
 Palette: 00 01 02 03 04 05 14 07 38 39 3A 3B 3C 3D 3E 3F
 AR10:0C AR11:00 AR12:0F AR13:08 AR14:00
!!
!! {vgacr}
!!
VGA CRTC (3D5): CRTC index 3D4:0F
 CR00:5F CR01:4F CR02:50 CR03:82 CR04:55 CR05:81 CR06:BF CR07:1F CR08:00 CR09:4F
 CR0A:0E CR0B:0F CR0C:00 CR0D:00 CR0E:00 CR0F:00 CR10:9C CR11:8E CR12:8F CR13:28
 CR14:1F CR15:96 CR16:B9 CR17:A3 CR18:FF
!!
!! {vgadac}
!!
VGA DAC contents:
 00: 00 00 00
 01: 00 00 2A
 02: 00 2A 00
 03: 00 2A 2A
 04: 2A 00 00
 05: 2A 00 2A
 06: 2A 2A 00
 07: 2A 2A 2A
 08: 00 00 15
 09: 00 00 3F
 0A: 00 2A 15
 0B: 00 2A 3F
 0C: 2A 00 15
 0D: 2A 00 3F
 0E: 2A 2A 15
 0F: 2A 2A 3F
 10: 00 15 00
 11: 00 15 2A
 12: 00 3F 00
 13: 00 3F 2A
 14: 2A 15 00
 15: 2A 15 2A
 16: 2A 3F 00
 17: 2A 3F 2A
 18: 00 15 15
 19: 00 15 3F
 1A: 00 3F 15
 1B: 00 3F 3F
 1C: 2A 15 15
 1D: 2A 15 3F
 1E: 2A 3F 15
 1F: 2A 3F 3F
 20: 15 00 00
 21: 15 00 2A
 22: 15 2A 00
 23: 15 2A 2A
 24: 3F 00 00
 25: 3F 00 2A
 26: 3F 2A 00
 27: 3F 2A 2A
 28: 15 00 15
 29: 15 00 3F
 2A: 15 2A 15
 2B: 15 2A 3F
 2C: 3F 00 15
 2D: 3F 00 3F
 2E: 3F 2A 15
 2F: 3F 2A 3F
 30: 15 15 00
 31: 15 15 2A
 32: 15 3F 00
 33: 15 3F 2A
 34: 3F 15 00
 35: 3F 15 2A
 36: 3F 3F 00
 37: 3F 3F 2A
 38: 15 15 15
 39: 15 15 3F
 3A: 15 3F 15
 3B: 15 3F 3F
 3C: 3F 15 15
 3D: 3F 15 3F
 3E: 3F 3F 15
 3F: 3F 3F 3F
 40: 00 00 00
 41: 00 00 00
 42: 00 00 00
 43: 00 00 00
 44: 00 00 00
 45: 00 00 00
 46: 00 00 00
 47: 00 00 00
 48: 00 00 00
 49: 00 00 00
 4A: 00 00 00
 4B: 00 00 00
 4C: 00 00 00
 4D: 00 00 00
 4E: 00 00 00
 4F: 00 00 00
 50: 00 00 00
 51: 00 00 00
 52: 00 00 00
 53: 00 00 00
 54: 00 00 00
 55: 00 00 00
 56: 00 00 00
 57: 00 00 00
 58: 00 00 00
 59: 00 00 00
 5A: 00 00 00
 5B: 00 00 00
 5C: 00 00 00
 5D: 00 00 00
 5E: 00 00 00
 5F: 00 00 00
 60: 00 00 00
 61: 00 00 00
 62: 00 00 00
 63: 00 00 00
 64: 00 00 00
 65: 00 00 00
 66: 00 00 00
 67: 00 00 00
 68: 00 00 00
 69: 00 00 00
 6A: 00 00 00
 6B: 00 00 00
 6C: 00 00 00
 6D: 00 00 00
 6E: 00 00 00
 6F: 00 00 00
 70: 00 00 00
 71: 00 00 00
 72: 00 00 00
 73: 00 00 00
 74: 00 00 00
 75: 00 00 00
 76: 00 00 00
 77: 00 00 00
 78: 00 00 00
 79: 00 00 00
 7A: 00 00 00
 7B: 00 00 00
 7C: 00 00 00
 7D: 00 00 00
 7E: 00 00 00
 7F: 00 00 00
 80: 00 00 00
 81: 00 00 00
 82: 00 00 00
 83: 00 00 00
 84: 00 00 00
 85: 00 00 00
 86: 00 00 00
 87: 00 00 00
 88: 00 00 00
 89: 00 00 00
 8A: 00 00 00
 8B: 00 00 00
 8C: 00 00 00
 8D: 00 00 00
 8E: 00 00 00
 8F: 00 00 00
 90: 00 00 00
 91: 00 00 00
 92: 00 00 00
 93: 00 00 00
 94: 00 00 00
 95: 00 00 00
 96: 00 00 00
 97: 00 00 00
 98: 00 00 00
 99: 00 00 00
 9A: 00 00 00
 9B: 00 00 00
 9C: 00 00 00
 9D: 00 00 00
 9E: 00 00 00
 9F: 00 00 00
 A0: 00 00 00
 A1: 00 00 00
 A2: 00 00 00
 A3: 00 00 00
 A4: 00 00 00
 A5: 00 00 00
 A6: 00 00 00
 A7: 00 00 00
 A8: 00 00 00
 A9: 00 00 00
 AA: 00 00 00
 AB: 00 00 00
 AC: 00 00 00
 AD: 00 00 00
 AE: 00 00 00
 AF: 00 00 00
 B0: 00 00 00
 B1: 00 00 00
 B2: 00 00 00
 B3: 00 00 00
 B4: 00 00 00
 B5: 00 00 00
 B6: 00 00 00
 B7: 00 00 00
 B8: 00 00 00
 B9: 00 00 00
 BA: 00 00 00
 BB: 00 00 00
 BC: 00 00 00
 BD: 00 00 00
 BE: 00 00 00
 BF: 00 00 00
 C0: 00 00 00
 C1: 00 00 00
 C2: 00 00 00
 C3: 00 00 00
 C4: 00 00 00
 C5: 00 00 00
 C6: 00 00 00
 C7: 00 00 00
 C8: 00 00 00
 C9: 00 00 00
 CA: 00 00 00
 CB: 00 00 00
 CC: 00 00 00
 CD: 00 00 00
 CE: 00 00 00
 CF: 00 00 00
 D0: 00 00 00
 D1: 00 00 00
 D2: 00 00 00
 D3: 00 00 00
 D4: 00 00 00
 D5: 00 00 00
 D6: 00 00 00
 D7: 00 00 00
 D8: 00 00 00
 D9: 00 00 00
 DA: 00 00 00
 DB: 00 00 00
 DC: 00 00 00
 DD: 00 00 00
 DE: 00 00 00
 DF: 00 00 00
 E0: 00 00 00
 E1: 00 00 00
 E2: 00 00 00
 E3: 00 00 00
 E4: 00 00 00
 E5: 00 00 00
 E6: 00 00 00
 E7: 00 00 00
 E8: 00 00 00
 E9: 00 00 00
 EA: 00 00 00
 EB: 00 00 00
 EC: 00 00 00
 ED: 00 00 00
 EE: 00 00 00
 EF: 00 00 00
 F0: 00 00 00
 F1: 00 00 00
 F2: 00 00 00
 F3: 00 00 00
 F4: 00 00 00
 F5: 00 00 00
 F6: 00 00 00
 F7: 00 00 00
 F8: 00 00 00
 F9: 00 00 00
 FA: 00 00 00
 FB: 00 00 00
 FC: 00 00 00
 FD: 00 00 00
 FE: 00 00 00
 FF: 00 00 00
!!
!! {vgagr}
!!
VGA Graphics Controller (3CF): GR index 3CE:05
 GR00:00 GR01:00 GR02:00 GR03:00 GR04:00 GR05:10 GR06:0E GR07:0F GR08:FF
!!
!! {vgapl}
!!
read mode     : 0     write mode: 0
set/reset data: 00    S/R enable: 00
color compare : 00    read map  : 0
rotate        : 0     function  : 0
don't care    : 0F    bit mask  : FF
seq plane mask: 03    chain-4   : off
!!
!! {vgasr}
!!
VGA Sequencer (3C5): SR index 3C4:03
 SR00:03 SR01:00 SR02:03 SR03:00 SR04:02
!!
!! {vgatext}
!!
------------------------------------ 80x25 -------------------------------------
                                                                                
                                                                                
                                                                                
                                                                                
                                                                                
                                                                                
                                                                                
                                                                                
                                                                                
                                                                                
                                                                                
                                                                                
                                                                                
                                                                                
                                                                                
                                                                                
                                                                                
                                                                                
                                                                                
                                                                                
                                                                                
                                                                                
                                                                                
                                                                                
                                                                                
--------------------------------------------------------------------------------
!!!!!!!!!!!!!!!!!!!!!!!!!!!!!!!!!!!!!!!!!!!!!!!!!!!!!!!!!!!!!!!!!!!!!!
